<?xml version="1.0" encoding="UTF-8"?>
<!-- Generated by org.testng.reporters.JUnitReportReporter -->
<testsuite hostname="DESKTOP-TJU5IQN" failures="0" tests="2" name="script.DemoX" time="0.062" errors="0" timestamp="2024-10-17T11:41:24 IST" skipped="0">
  <testcase classname="script.DemoX" name="deleteUser" time="0.007"/>
  <testcase classname="script.DemoX" name="createUser" time="0.055"/>
</testsuite> <!-- script.DemoX -->
