<?xml version="1.0" encoding="UTF-8"?>
<!-- Generated by org.testng.reporters.JUnitReportReporter -->
<testsuite hostname="DESKTOP-TJU5IQN" failures="0" tests="1" name="script.ValidLogin" time="7.659" errors="0" timestamp="2024-10-22T12:18:57 IST" skipped="0">
  <testcase classname="script.ValidLogin" name="testValidLogin" time="7.659">
    <system-out>
      <![CDATA[Home Page is Displayed]]>
    </system-out>
  </testcase> <!-- testValidLogin -->
  <system-out>
    <![CDATA[Home Page is Displayed]]>
  </system-out>
</testsuite> <!-- script.ValidLogin -->
