<?xml version="1.0" encoding="UTF-8"?>
<!-- Generated by org.testng.reporters.JUnitReportReporter -->
<testsuite hostname="DESKTOP-TJU5IQN" failures="0" tests="1" name="script.Demo4" time="0.036" errors="0" timestamp="2024-10-17T11:36:14 IST" skipped="0">
  <testcase classname="script.Demo4" name="createUser" time="0.036"/>
</testsuite> <!-- script.Demo4 -->
